[debug] [2024-08-26T04:18:03.587Z] ----------------------------------------------------------------------
[debug] [2024-08-26T04:18:03.589Z] Command:       C:\Program Files\nodejs\node.exe C:\Users\Johno\AppData\Roaming\npm\node_modules\firebase-tools\lib\bin\firebase.js deploy --only hosting
[debug] [2024-08-26T04:18:03.590Z] CLI Version:   11.24.1
[debug] [2024-08-26T04:18:03.590Z] Platform:      win32
[debug] [2024-08-26T04:18:03.590Z] Node Version:  v18.16.0
[debug] [2024-08-26T04:18:03.592Z] Time:          Sun Aug 25 2024 21:18:03 GMT-0700 (Pacific Daylight Saving Time)
[debug] [2024-08-26T04:18:03.592Z] ----------------------------------------------------------------------
[debug] 
[debug] [2024-08-26T04:18:03.662Z] > command requires scopes: ["email","openid","https://www.googleapis.com/auth/cloudplatformprojects.readonly","https://www.googleapis.com/auth/firebase","https://www.googleapis.com/auth/cloud-platform"]
[debug] [2024-08-26T04:18:03.662Z] > authorizing via signed-in user (johnstonerik17@gmail.com)
[debug] [2024-08-26T04:18:03.662Z] [iam] checking project erik-dev-896d1 for permissions ["firebase.projects.get","firebasehosting.sites.update"]
[debug] [2024-08-26T04:18:03.664Z] >>> [apiv2][query] POST https://cloudresourcemanager.googleapis.com/v1/projects/erik-dev-896d1:testIamPermissions [none]
[debug] [2024-08-26T04:18:03.665Z] >>> [apiv2][(partial)header] POST https://cloudresourcemanager.googleapis.com/v1/projects/erik-dev-896d1:testIamPermissions x-goog-quota-user=projects/erik-dev-896d1
[debug] [2024-08-26T04:18:03.665Z] >>> [apiv2][body] POST https://cloudresourcemanager.googleapis.com/v1/projects/erik-dev-896d1:testIamPermissions {"permissions":["firebase.projects.get","firebasehosting.sites.update"]}
[debug] [2024-08-26T04:18:03.873Z] <<< [apiv2][status] POST https://cloudresourcemanager.googleapis.com/v1/projects/erik-dev-896d1:testIamPermissions 200
[debug] [2024-08-26T04:18:03.874Z] <<< [apiv2][body] POST https://cloudresourcemanager.googleapis.com/v1/projects/erik-dev-896d1:testIamPermissions {"permissions":["firebase.projects.get","firebasehosting.sites.update"]}
[debug] [2024-08-26T04:18:03.875Z] >>> [apiv2][query] GET https://firebase.googleapis.com/v1beta1/projects/erik-dev-896d1 [none]
[debug] [2024-08-26T04:18:04.094Z] <<< [apiv2][status] GET https://firebase.googleapis.com/v1beta1/projects/erik-dev-896d1 200
[debug] [2024-08-26T04:18:04.095Z] <<< [apiv2][body] GET https://firebase.googleapis.com/v1beta1/projects/erik-dev-896d1 {"projectId":"erik-dev-896d1","projectNumber":"111276512417","displayName":"Erik-dev","name":"projects/erik-dev-896d1","resources":{"hostingSite":"erik-dev-896d1","storageBucket":"erik-dev-896d1.appspot.com","locationId":"us-central"},"state":"ACTIVE","etag":"1_bc2e807d-8d5b-4370-abb7-c50c4c62b296"}
[debug] [2024-08-26T04:18:08.734Z] >>> [apiv2][query] GET https://firebasehosting.googleapis.com/v1beta1/projects/erik-dev-896d1/sites pageToken=&pageSize=10
[debug] [2024-08-26T04:18:09.574Z] <<< [apiv2][status] GET https://firebasehosting.googleapis.com/v1beta1/projects/erik-dev-896d1/sites 200
[debug] [2024-08-26T04:18:09.574Z] <<< [apiv2][body] GET https://firebasehosting.googleapis.com/v1beta1/projects/erik-dev-896d1/sites {"sites":[{"name":"projects/erik-dev-896d1/sites/erik-dev-896d1","defaultUrl":"https://erik-dev-896d1.web.app","appId":"1:111276512417:web:ff5b756ceace245fd2cce0","type":"DEFAULT_SITE"}]}
[debug] [2024-08-26T04:18:09.574Z] >>> [apiv2][query] GET https://firebase.googleapis.com/v1beta1/projects/-/webApps/1:111276512417:web:ff5b756ceace245fd2cce0/config [none]
[debug] [2024-08-26T04:18:09.924Z] <<< [apiv2][status] GET https://firebase.googleapis.com/v1beta1/projects/-/webApps/1:111276512417:web:ff5b756ceace245fd2cce0/config 200
[debug] [2024-08-26T04:18:09.924Z] <<< [apiv2][body] GET https://firebase.googleapis.com/v1beta1/projects/-/webApps/1:111276512417:web:ff5b756ceace245fd2cce0/config {"projectId":"erik-dev-896d1","appId":"1:111276512417:web:ff5b756ceace245fd2cce0","storageBucket":"erik-dev-896d1.appspot.com","locationId":"us-central","apiKey":"AIzaSyBUZFWYoir25URbq33MF3s0HcYo0D1xHzY","authDomain":"erik-dev-896d1.firebaseapp.com","messagingSenderId":"111276512417"}
[debug] [2024-08-26T04:18:55.943Z] Error: Command failed: npm.cmd i --omit dev --no-audit
    at checkExecSyncError (node:child_process:885:11)
    at execSync (node:child_process:957:15)
    at prepareFrameworks (C:\Users\Johno\AppData\Roaming\npm\node_modules\firebase-tools\lib\frameworks\index.js:372:42)
    at async deploy (C:\Users\Johno\AppData\Roaming\npm\node_modules\firebase-tools\lib\deploy\index.js:53:13)
[error] 
[error] Error: An unexpected error has occurred.
